<?xml version="1.0" encoding="UTF-8"?>
<!-- Generated by org.testng.reporters.JUnitReportReporter -->
<testsuite hostname="LAPTOP-D02KHG01" name="tests.NewTest" tests="1" failures="0" timestamp="15 Jun 2019 10:07:20 GMT" time="51.157" errors="0">
  <testcase name="openMyBlog" time="51.157" classname="tests.NewTest"/>
</testsuite> <!-- tests.NewTest -->
